/home/kvnblue/EsmAns/EsmProj/apache-tomcat-8.5.32/bin/catalina.sh: 1: eval: /usr/lib/jvm/java-9-openjdk-amd64/bin/bin/java: not found
02-Jul-2018 10:10:02.004 INFO [main] org.apache.catalina.startup.VersionLoggerListener.log Server version:        Apache Tomcat/8.5.32
02-Jul-2018 10:10:02.045 INFO [main] org.apache.catalina.startup.VersionLoggerListener.log Server built:          Jun 20 2018 19:50:35 UTC
02-Jul-2018 10:10:02.045 INFO [main] org.apache.catalina.startup.VersionLoggerListener.log Server number:         8.5.32.0
02-Jul-2018 10:10:02.045 INFO [main] org.apache.catalina.startup.VersionLoggerListener.log OS Name:               Linux
02-Jul-2018 10:10:02.045 INFO [main] org.apache.catalina.startup.VersionLoggerListener.log OS Version:            4.13.0-36-generic
02-Jul-2018 10:10:02.046 INFO [main] org.apache.catalina.startup.VersionLoggerListener.log Architecture:          amd64
02-Jul-2018 10:10:02.046 INFO [main] org.apache.catalina.startup.VersionLoggerListener.log Java Home:             /usr/lib/jvm/java-9-openjdk-amd64
02-Jul-2018 10:10:02.046 INFO [main] org.apache.catalina.startup.VersionLoggerListener.log JVM Version:           9-internal+0-2016-04-14-195246.buildd.src
02-Jul-2018 10:10:02.046 INFO [main] org.apache.catalina.startup.VersionLoggerListener.log JVM Vendor:            Oracle Corporation
02-Jul-2018 10:10:02.046 INFO [main] org.apache.catalina.startup.VersionLoggerListener.log CATALINA_BASE:         /home/kvnblue/EsmAns/EsmProj/apache-tomcat-8.5.32
02-Jul-2018 10:10:02.046 INFO [main] org.apache.catalina.startup.VersionLoggerListener.log CATALINA_HOME:         /home/kvnblue/EsmAns/EsmProj/apache-tomcat-8.5.32
02-Jul-2018 10:10:02.104 INFO [main] org.apache.catalina.startup.VersionLoggerListener.log Command line argument: -Djava.util.logging.config.file=/home/kvnblue/EsmAns/EsmProj/apache-tomcat-8.5.32/conf/logging.properties
02-Jul-2018 10:10:02.104 INFO [main] org.apache.catalina.startup.VersionLoggerListener.log Command line argument: -Djava.util.logging.manager=org.apache.juli.ClassLoaderLogManager
02-Jul-2018 10:10:02.116 INFO [main] org.apache.catalina.startup.VersionLoggerListener.log Command line argument: -Djdk.tls.ephemeralDHKeySize=2048
02-Jul-2018 10:10:02.116 INFO [main] org.apache.catalina.startup.VersionLoggerListener.log Command line argument: -Djava.protocol.handler.pkgs=org.apache.catalina.webresources
02-Jul-2018 10:10:02.116 INFO [main] org.apache.catalina.startup.VersionLoggerListener.log Command line argument: -Dorg.apache.catalina.security.SecurityListener.UMASK=0027
02-Jul-2018 10:10:02.116 INFO [main] org.apache.catalina.startup.VersionLoggerListener.log Command line argument: -Dignore.endorsed.dirs=
02-Jul-2018 10:10:02.117 INFO [main] org.apache.catalina.startup.VersionLoggerListener.log Command line argument: -Dcatalina.base=/home/kvnblue/EsmAns/EsmProj/apache-tomcat-8.5.32
02-Jul-2018 10:10:02.117 INFO [main] org.apache.catalina.startup.VersionLoggerListener.log Command line argument: -Dcatalina.home=/home/kvnblue/EsmAns/EsmProj/apache-tomcat-8.5.32
02-Jul-2018 10:10:02.117 INFO [main] org.apache.catalina.startup.VersionLoggerListener.log Command line argument: -Djava.io.tmpdir=/home/kvnblue/EsmAns/EsmProj/apache-tomcat-8.5.32/temp
02-Jul-2018 10:10:02.118 INFO [main] org.apache.catalina.core.AprLifecycleListener.lifecycleEvent The APR based Apache Tomcat Native library which allows optimal performance in production environments was not found on the java.library.path: [/usr/java/packages/lib/amd64:/usr/lib/x86_64-linux-gnu/jni:/lib/x86_64-linux-gnu:/usr/lib/x86_64-linux-gnu:/usr/lib/jni:/lib:/usr/lib]
02-Jul-2018 10:10:02.201 SEVERE [main] org.apache.catalina.core.JreMemoryLeakPreventionListener.lifecycleEvent Failed to trigger creation of the GC Daemon thread during Tomcat start to prevent possible memory leaks. This is expected on non-Sun JVMs.
 java.lang.ClassNotFoundException: sun.misc.GC
	at java.net.URLClassLoader.findClass(java.base@9-internal/URLClassLoader.java:384)
	at java.lang.ClassLoader.loadClass(java.base@9-internal/ClassLoader.java:486)
	at java.lang.ClassLoader.loadClass(java.base@9-internal/ClassLoader.java:419)
	at java.lang.Class.forName0(java.base@9-internal/Native Method)
	at java.lang.Class.forName(java.base@9-internal/Class.java:294)
	at org.apache.catalina.core.JreMemoryLeakPreventionListener.lifecycleEvent(JreMemoryLeakPreventionListener.java:302)
	at org.apache.catalina.util.LifecycleBase.fireLifecycleEvent(LifecycleBase.java:94)
	at org.apache.catalina.util.LifecycleBase.setStateInternal(LifecycleBase.java:395)
	at org.apache.catalina.util.LifecycleBase.init(LifecycleBase.java:106)
	at org.apache.catalina.startup.Catalina.load(Catalina.java:632)
	at org.apache.catalina.startup.Catalina.load(Catalina.java:655)
	at sun.reflect.NativeMethodAccessorImpl.invoke0(java.base@9-internal/Native Method)
	at sun.reflect.NativeMethodAccessorImpl.invoke(java.base@9-internal/NativeMethodAccessorImpl.java:62)
	at sun.reflect.DelegatingMethodAccessorImpl.invoke(java.base@9-internal/DelegatingMethodAccessorImpl.java:43)
	at java.lang.reflect.Method.invoke(java.base@9-internal/Method.java:531)
	at org.apache.catalina.startup.Bootstrap.load(Bootstrap.java:309)
	at org.apache.catalina.startup.Bootstrap.main(Bootstrap.java:492)

02-Jul-2018 10:10:03.567 INFO [main] org.apache.coyote.AbstractProtocol.init Initializing ProtocolHandler ["http-nio-8080"]
02-Jul-2018 10:10:03.681 INFO [main] org.apache.tomcat.util.net.NioSelectorPool.getSharedSelector Using a shared selector for servlet write/read
02-Jul-2018 10:10:03.769 INFO [main] org.apache.coyote.AbstractProtocol.init Initializing ProtocolHandler ["ajp-nio-8009"]
02-Jul-2018 10:10:03.770 INFO [main] org.apache.tomcat.util.net.NioSelectorPool.getSharedSelector Using a shared selector for servlet write/read
02-Jul-2018 10:10:03.781 INFO [main] org.apache.catalina.startup.Catalina.load Initialization processed in 5491 ms
02-Jul-2018 10:10:04.100 INFO [main] org.apache.catalina.core.StandardService.startInternal Starting service [Catalina]
02-Jul-2018 10:10:04.104 INFO [main] org.apache.catalina.core.StandardEngine.startInternal Starting Servlet Engine: Apache Tomcat/8.5.32
02-Jul-2018 10:10:04.192 INFO [localhost-startStop-1] org.apache.catalina.startup.HostConfig.deployDirectory Deploying web application directory [/home/kvnblue/EsmAns/EsmProj/apache-tomcat-8.5.32/webapps/examples]
02-Jul-2018 10:10:14.832 WARNING [localhost-startStop-1] org.apache.catalina.util.SessionIdGeneratorBase.createSecureRandom Creation of SecureRandom instance for session ID generation using [SHA1PRNG] took [5,164] milliseconds.
02-Jul-2018 10:10:15.050 INFO [localhost-startStop-1] org.apache.catalina.startup.HostConfig.deployDirectory Deployment of web application directory [/home/kvnblue/EsmAns/EsmProj/apache-tomcat-8.5.32/webapps/examples] has finished in [10,858] ms
02-Jul-2018 10:10:15.084 INFO [localhost-startStop-1] org.apache.catalina.startup.HostConfig.deployDirectory Deploying web application directory [/home/kvnblue/EsmAns/EsmProj/apache-tomcat-8.5.32/webapps/manager]
02-Jul-2018 10:10:15.485 INFO [localhost-startStop-1] org.apache.catalina.startup.HostConfig.deployDirectory Deployment of web application directory [/home/kvnblue/EsmAns/EsmProj/apache-tomcat-8.5.32/webapps/manager] has finished in [400] ms
02-Jul-2018 10:10:15.485 INFO [localhost-startStop-1] org.apache.catalina.startup.HostConfig.deployDirectory Deploying web application directory [/home/kvnblue/EsmAns/EsmProj/apache-tomcat-8.5.32/webapps/host-manager]
02-Jul-2018 10:10:15.713 INFO [localhost-startStop-1] org.apache.catalina.startup.HostConfig.deployDirectory Deployment of web application directory [/home/kvnblue/EsmAns/EsmProj/apache-tomcat-8.5.32/webapps/host-manager] has finished in [228] ms
02-Jul-2018 10:10:15.718 INFO [localhost-startStop-1] org.apache.catalina.startup.HostConfig.deployDirectory Deploying web application directory [/home/kvnblue/EsmAns/EsmProj/apache-tomcat-8.5.32/webapps/ROOT]
02-Jul-2018 10:10:15.866 INFO [localhost-startStop-1] org.apache.catalina.startup.HostConfig.deployDirectory Deployment of web application directory [/home/kvnblue/EsmAns/EsmProj/apache-tomcat-8.5.32/webapps/ROOT] has finished in [148] ms
02-Jul-2018 10:10:15.873 INFO [localhost-startStop-1] org.apache.catalina.startup.HostConfig.deployDirectory Deploying web application directory [/home/kvnblue/EsmAns/EsmProj/apache-tomcat-8.5.32/webapps/docs]
02-Jul-2018 10:10:16.069 INFO [localhost-startStop-1] org.apache.catalina.startup.HostConfig.deployDirectory Deployment of web application directory [/home/kvnblue/EsmAns/EsmProj/apache-tomcat-8.5.32/webapps/docs] has finished in [195] ms
02-Jul-2018 10:10:16.091 INFO [main] org.apache.coyote.AbstractProtocol.start Starting ProtocolHandler ["http-nio-8080"]
02-Jul-2018 10:10:16.186 INFO [main] org.apache.coyote.AbstractProtocol.start Starting ProtocolHandler ["ajp-nio-8009"]
02-Jul-2018 10:10:16.205 INFO [main] org.apache.catalina.startup.Catalina.start Server startup in 12413 ms
02-Jul-2018 12:25:27.647 INFO [Thread-5] org.apache.coyote.AbstractProtocol.pause Pausing ProtocolHandler ["http-nio-8080"]
02-Jul-2018 12:25:27.691 INFO [Thread-5] org.apache.coyote.AbstractProtocol.pause Pausing ProtocolHandler ["ajp-nio-8009"]
02-Jul-2018 12:25:27.719 INFO [Thread-5] org.apache.catalina.core.StandardService.stopInternal Stopping service [Catalina]
02-Jul-2018 12:25:27.951 SEVERE [Catalina-startStop-2] org.apache.catalina.core.ContainerBase.stopInternal A child container failed during stop
 java.util.concurrent.ExecutionException: org.apache.catalina.LifecycleException: Failed to stop component [StandardEngine[Catalina].StandardHost[localhost].StandardContext[]]
	at java.util.concurrent.FutureTask.report(java.base@9-internal/FutureTask.java:123)
	at java.util.concurrent.FutureTask.get(java.base@9-internal/FutureTask.java:193)
	at org.apache.catalina.core.ContainerBase.stopInternal(ContainerBase.java:997)
	at org.apache.catalina.util.LifecycleBase.stop(LifecycleBase.java:226)
	at org.apache.catalina.core.ContainerBase$StopChild.call(ContainerBase.java:1437)
	at org.apache.catalina.core.ContainerBase$StopChild.call(ContainerBase.java:1426)
	at java.util.concurrent.FutureTask.run(java.base@9-internal/FutureTask.java:266)
	at java.util.concurrent.ThreadPoolExecutor.runWorker(java.base@9-internal/ThreadPoolExecutor.java:1158)
	at java.util.concurrent.ThreadPoolExecutor$Worker.run(java.base@9-internal/ThreadPoolExecutor.java:632)
	at java.lang.Thread.run(java.base@9-internal/Thread.java:804)
Caused by: org.apache.catalina.LifecycleException: Failed to stop component [StandardEngine[Catalina].StandardHost[localhost].StandardContext[]]
	at org.apache.catalina.util.LifecycleBase.stop(LifecycleBase.java:238)
	... 6 more
Caused by: org.apache.catalina.LifecycleException: Failed to stop component [WebappLoader[]]
	at org.apache.catalina.util.LifecycleBase.stop(LifecycleBase.java:238)
	at org.apache.catalina.core.StandardContext.stopInternal(StandardContext.java:5514)
	at org.apache.catalina.util.LifecycleBase.stop(LifecycleBase.java:226)
	... 6 more
Caused by: java.lang.reflect.InaccessibleObjectException: Unable to make member of class sun.rmi.transport.Target accessible:  module java.rmi does not export sun.rmi.transport to unnamed module @2173f6d9
	at sun.reflect.Reflection.throwInaccessibleObjectException(java.base@9-internal/Reflection.java:420)
	at java.lang.reflect.AccessibleObject.checkCanSetAccessible(java.base@9-internal/AccessibleObject.java:174)
	at java.lang.reflect.Field.checkCanSetAccessible(java.base@9-internal/Field.java:170)
	at java.lang.reflect.Field.setAccessible(java.base@9-internal/Field.java:164)
	at org.apache.catalina.loader.WebappClassLoaderBase.clearReferencesRmiTargets(WebappClassLoaderBase.java:2104)
	at org.apache.catalina.loader.WebappClassLoaderBase.clearReferences(WebappClassLoaderBase.java:1564)
	at org.apache.catalina.loader.WebappClassLoaderBase.stop(WebappClassLoaderBase.java:1501)
	at org.apache.catalina.loader.WebappLoader.stopInternal(WebappLoader.java:447)
	at org.apache.catalina.util.LifecycleBase.stop(LifecycleBase.java:226)
	... 8 more

02-Jul-2018 12:25:28.033 WARNING [localhost-startStop-2] org.apache.catalina.loader.WebappClassLoaderBase.clearReferencesThreads The web application [examples] appears to have started a thread named [SeedGenerator Thread] but has failed to stop it. This is very likely to create a memory leak. Stack trace of thread:
 java.lang.Object.wait(java.base@9-internal/Native Method)
 java.lang.Object.wait(java.base@9-internal/Object.java:516)
 sun.security.provider.SeedGenerator$ThreadedSeedGenerator.run(java.base@9-internal/SeedGenerator.java:332)
 java.lang.Thread.run(java.base@9-internal/Thread.java:804)
02-Jul-2018 12:25:28.073 SEVERE [Catalina-startStop-2] org.apache.catalina.core.ContainerBase.stopInternal A child container failed during stop
 java.util.concurrent.ExecutionException: org.apache.catalina.LifecycleException: Failed to stop component [StandardEngine[Catalina].StandardHost[localhost].StandardContext[/examples]]
	at java.util.concurrent.FutureTask.report(java.base@9-internal/FutureTask.java:123)
	at java.util.concurrent.FutureTask.get(java.base@9-internal/FutureTask.java:193)
	at org.apache.catalina.core.ContainerBase.stopInternal(ContainerBase.java:997)
	at org.apache.catalina.util.LifecycleBase.stop(LifecycleBase.java:226)
	at org.apache.catalina.core.ContainerBase$StopChild.call(ContainerBase.java:1437)
	at org.apache.catalina.core.ContainerBase$StopChild.call(ContainerBase.java:1426)
	at java.util.concurrent.FutureTask.run(java.base@9-internal/FutureTask.java:266)
	at java.util.concurrent.ThreadPoolExecutor.runWorker(java.base@9-internal/ThreadPoolExecutor.java:1158)
	at java.util.concurrent.ThreadPoolExecutor$Worker.run(java.base@9-internal/ThreadPoolExecutor.java:632)
	at java.lang.Thread.run(java.base@9-internal/Thread.java:804)
Caused by: org.apache.catalina.LifecycleException: Failed to stop component [StandardEngine[Catalina].StandardHost[localhost].StandardContext[/examples]]
	at org.apache.catalina.util.LifecycleBase.stop(LifecycleBase.java:238)
	... 6 more
Caused by: org.apache.catalina.LifecycleException: Failed to stop component [WebappLoader[/examples]]
	at org.apache.catalina.util.LifecycleBase.stop(LifecycleBase.java:238)
	at org.apache.catalina.core.StandardContext.stopInternal(StandardContext.java:5514)
	at org.apache.catalina.util.LifecycleBase.stop(LifecycleBase.java:226)
	... 6 more
Caused by: java.lang.reflect.InaccessibleObjectException: Unable to make member of class sun.rmi.transport.Target accessible:  module java.rmi does not export sun.rmi.transport to unnamed module @2173f6d9
	at sun.reflect.Reflection.throwInaccessibleObjectException(java.base@9-internal/Reflection.java:420)
	at java.lang.reflect.AccessibleObject.checkCanSetAccessible(java.base@9-internal/AccessibleObject.java:174)
	at java.lang.reflect.Field.checkCanSetAccessible(java.base@9-internal/Field.java:170)
	at java.lang.reflect.Field.setAccessible(java.base@9-internal/Field.java:164)
	at org.apache.catalina.loader.WebappClassLoaderBase.clearReferencesRmiTargets(WebappClassLoaderBase.java:2104)
	at org.apache.catalina.loader.WebappClassLoaderBase.clearReferences(WebappClassLoaderBase.java:1564)
	at org.apache.catalina.loader.WebappClassLoaderBase.stop(WebappClassLoaderBase.java:1501)
	at org.apache.catalina.loader.WebappLoader.stopInternal(WebappLoader.java:447)
	at org.apache.catalina.util.LifecycleBase.stop(LifecycleBase.java:226)
	... 8 more

02-Jul-2018 12:25:28.137 SEVERE [Catalina-startStop-2] org.apache.catalina.core.ContainerBase.stopInternal A child container failed during stop
 java.util.concurrent.ExecutionException: org.apache.catalina.LifecycleException: Failed to stop component [StandardEngine[Catalina].StandardHost[localhost].StandardContext[/host-manager]]
	at java.util.concurrent.FutureTask.report(java.base@9-internal/FutureTask.java:123)
	at java.util.concurrent.FutureTask.get(java.base@9-internal/FutureTask.java:193)
	at org.apache.catalina.core.ContainerBase.stopInternal(ContainerBase.java:997)
	at org.apache.catalina.util.LifecycleBase.stop(LifecycleBase.java:226)
	at org.apache.catalina.core.ContainerBase$StopChild.call(ContainerBase.java:1437)
	at org.apache.catalina.core.ContainerBase$StopChild.call(ContainerBase.java:1426)
	at java.util.concurrent.FutureTask.run(java.base@9-internal/FutureTask.java:266)
	at java.util.concurrent.ThreadPoolExecutor.runWorker(java.base@9-internal/ThreadPoolExecutor.java:1158)
	at java.util.concurrent.ThreadPoolExecutor$Worker.run(java.base@9-internal/ThreadPoolExecutor.java:632)
	at java.lang.Thread.run(java.base@9-internal/Thread.java:804)
Caused by: org.apache.catalina.LifecycleException: Failed to stop component [StandardEngine[Catalina].StandardHost[localhost].StandardContext[/host-manager]]
	at org.apache.catalina.util.LifecycleBase.stop(LifecycleBase.java:238)
	... 6 more
Caused by: org.apache.catalina.LifecycleException: Failed to stop component [WebappLoader[/host-manager]]
	at org.apache.catalina.util.LifecycleBase.stop(LifecycleBase.java:238)
	at org.apache.catalina.core.StandardContext.stopInternal(StandardContext.java:5514)
	at org.apache.catalina.util.LifecycleBase.stop(LifecycleBase.java:226)
	... 6 more
Caused by: java.lang.reflect.InaccessibleObjectException: Unable to make member of class sun.rmi.transport.Target accessible:  module java.rmi does not export sun.rmi.transport to unnamed module @2173f6d9
	at sun.reflect.Reflection.throwInaccessibleObjectException(java.base@9-internal/Reflection.java:420)
	at java.lang.reflect.AccessibleObject.checkCanSetAccessible(java.base@9-internal/AccessibleObject.java:174)
	at java.lang.reflect.Field.checkCanSetAccessible(java.base@9-internal/Field.java:170)
	at java.lang.reflect.Field.setAccessible(java.base@9-internal/Field.java:164)
	at org.apache.catalina.loader.WebappClassLoaderBase.clearReferencesRmiTargets(WebappClassLoaderBase.java:2104)
	at org.apache.catalina.loader.WebappClassLoaderBase.clearReferences(WebappClassLoaderBase.java:1564)
	at org.apache.catalina.loader.WebappClassLoaderBase.stop(WebappClassLoaderBase.java:1501)
	at org.apache.catalina.loader.WebappLoader.stopInternal(WebappLoader.java:447)
	at org.apache.catalina.util.LifecycleBase.stop(LifecycleBase.java:226)
	... 8 more

02-Jul-2018 12:25:28.212 SEVERE [Catalina-startStop-2] org.apache.catalina.core.ContainerBase.stopInternal A child container failed during stop
 java.util.concurrent.ExecutionException: org.apache.catalina.LifecycleException: Failed to stop component [StandardEngine[Catalina].StandardHost[localhost].StandardContext[/manager]]
	at java.util.concurrent.FutureTask.report(java.base@9-internal/FutureTask.java:123)
	at java.util.concurrent.FutureTask.get(java.base@9-internal/FutureTask.java:193)
	at org.apache.catalina.core.ContainerBase.stopInternal(ContainerBase.java:997)
	at org.apache.catalina.util.LifecycleBase.stop(LifecycleBase.java:226)
	at org.apache.catalina.core.ContainerBase$StopChild.call(ContainerBase.java:1437)
	at org.apache.catalina.core.ContainerBase$StopChild.call(ContainerBase.java:1426)
	at java.util.concurrent.FutureTask.run(java.base@9-internal/FutureTask.java:266)
	at java.util.concurrent.ThreadPoolExecutor.runWorker(java.base@9-internal/ThreadPoolExecutor.java:1158)
	at java.util.concurrent.ThreadPoolExecutor$Worker.run(java.base@9-internal/ThreadPoolExecutor.java:632)
	at java.lang.Thread.run(java.base@9-internal/Thread.java:804)
Caused by: org.apache.catalina.LifecycleException: Failed to stop component [StandardEngine[Catalina].StandardHost[localhost].StandardContext[/manager]]
	at org.apache.catalina.util.LifecycleBase.stop(LifecycleBase.java:238)
	... 6 more
Caused by: org.apache.catalina.LifecycleException: Failed to stop component [WebappLoader[/manager]]
	at org.apache.catalina.util.LifecycleBase.stop(LifecycleBase.java:238)
	at org.apache.catalina.core.StandardContext.stopInternal(StandardContext.java:5514)
	at org.apache.catalina.util.LifecycleBase.stop(LifecycleBase.java:226)
	... 6 more
Caused by: java.lang.reflect.InaccessibleObjectException: Unable to make member of class sun.rmi.transport.Target accessible:  module java.rmi does not export sun.rmi.transport to unnamed module @2173f6d9
	at sun.reflect.Reflection.throwInaccessibleObjectException(java.base@9-internal/Reflection.java:420)
	at java.lang.reflect.AccessibleObject.checkCanSetAccessible(java.base@9-internal/AccessibleObject.java:174)
	at java.lang.reflect.Field.checkCanSetAccessible(java.base@9-internal/Field.java:170)
	at java.lang.reflect.Field.setAccessible(java.base@9-internal/Field.java:164)
	at org.apache.catalina.loader.WebappClassLoaderBase.clearReferencesRmiTargets(WebappClassLoaderBase.java:2104)
	at org.apache.catalina.loader.WebappClassLoaderBase.clearReferences(WebappClassLoaderBase.java:1564)
	at org.apache.catalina.loader.WebappClassLoaderBase.stop(WebappClassLoaderBase.java:1501)
	at org.apache.catalina.loader.WebappLoader.stopInternal(WebappLoader.java:447)
	at org.apache.catalina.util.LifecycleBase.stop(LifecycleBase.java:226)
	... 8 more

02-Jul-2018 12:25:28.237 SEVERE [Catalina-startStop-2] org.apache.catalina.core.ContainerBase.stopInternal A child container failed during stop
 java.util.concurrent.ExecutionException: org.apache.catalina.LifecycleException: Failed to stop component [StandardEngine[Catalina].StandardHost[localhost].StandardContext[/docs]]
	at java.util.concurrent.FutureTask.report(java.base@9-internal/FutureTask.java:123)
	at java.util.concurrent.FutureTask.get(java.base@9-internal/FutureTask.java:193)
	at org.apache.catalina.core.ContainerBase.stopInternal(ContainerBase.java:997)
	at org.apache.catalina.util.LifecycleBase.stop(LifecycleBase.java:226)
	at org.apache.catalina.core.ContainerBase$StopChild.call(ContainerBase.java:1437)
	at org.apache.catalina.core.ContainerBase$StopChild.call(ContainerBase.java:1426)
	at java.util.concurrent.FutureTask.run(java.base@9-internal/FutureTask.java:266)
	at java.util.concurrent.ThreadPoolExecutor.runWorker(java.base@9-internal/ThreadPoolExecutor.java:1158)
	at java.util.concurrent.ThreadPoolExecutor$Worker.run(java.base@9-internal/ThreadPoolExecutor.java:632)
	at java.lang.Thread.run(java.base@9-internal/Thread.java:804)
Caused by: org.apache.catalina.LifecycleException: Failed to stop component [StandardEngine[Catalina].StandardHost[localhost].StandardContext[/docs]]
	at org.apache.catalina.util.LifecycleBase.stop(LifecycleBase.java:238)
	... 6 more
Caused by: org.apache.catalina.LifecycleException: Failed to stop component [WebappLoader[/docs]]
	at org.apache.catalina.util.LifecycleBase.stop(LifecycleBase.java:238)
	at org.apache.catalina.core.StandardContext.stopInternal(StandardContext.java:5514)
	at org.apache.catalina.util.LifecycleBase.stop(LifecycleBase.java:226)
	... 6 more
Caused by: java.lang.reflect.InaccessibleObjectException: Unable to make member of class sun.rmi.transport.Target accessible:  module java.rmi does not export sun.rmi.transport to unnamed module @2173f6d9
	at sun.reflect.Reflection.throwInaccessibleObjectException(java.base@9-internal/Reflection.java:420)
	at java.lang.reflect.AccessibleObject.checkCanSetAccessible(java.base@9-internal/AccessibleObject.java:174)
	at java.lang.reflect.Field.checkCanSetAccessible(java.base@9-internal/Field.java:170)
	at java.lang.reflect.Field.setAccessible(java.base@9-internal/Field.java:164)
	at org.apache.catalina.loader.WebappClassLoaderBase.clearReferencesRmiTargets(WebappClassLoaderBase.java:2104)
	at org.apache.catalina.loader.WebappClassLoaderBase.clearReferences(WebappClassLoaderBase.java:1564)
	at org.apache.catalina.loader.WebappClassLoaderBase.stop(WebappClassLoaderBase.java:1501)
	at org.apache.catalina.loader.WebappLoader.stopInternal(WebappLoader.java:447)
	at org.apache.catalina.util.LifecycleBase.stop(LifecycleBase.java:226)
	... 8 more

02-Jul-2018 12:25:28.238 SEVERE [Thread-5] org.apache.catalina.core.ContainerBase.stopInternal A child container failed during stop
 java.util.concurrent.ExecutionException: org.apache.catalina.LifecycleException: Failed to stop component [StandardEngine[Catalina].StandardHost[localhost]]
	at java.util.concurrent.FutureTask.report(java.base@9-internal/FutureTask.java:123)
	at java.util.concurrent.FutureTask.get(java.base@9-internal/FutureTask.java:193)
	at org.apache.catalina.core.ContainerBase.stopInternal(ContainerBase.java:997)
	at org.apache.catalina.util.LifecycleBase.stop(LifecycleBase.java:226)
	at org.apache.catalina.core.StandardService.stopInternal(StandardService.java:483)
	at org.apache.catalina.util.LifecycleBase.stop(LifecycleBase.java:226)
	at org.apache.catalina.core.StandardServer.stopInternal(StandardServer.java:814)
	at org.apache.catalina.util.LifecycleBase.stop(LifecycleBase.java:226)
	at org.apache.catalina.startup.Catalina.stop(Catalina.java:754)
	at org.apache.catalina.startup.Catalina$CatalinaShutdownHook.run(Catalina.java:855)
Caused by: org.apache.catalina.LifecycleException: Failed to stop component [StandardEngine[Catalina].StandardHost[localhost]]
	at org.apache.catalina.util.LifecycleBase.stop(LifecycleBase.java:238)
	at org.apache.catalina.core.ContainerBase$StopChild.call(ContainerBase.java:1437)
	at org.apache.catalina.core.ContainerBase$StopChild.call(ContainerBase.java:1426)
	at java.util.concurrent.FutureTask.run(java.base@9-internal/FutureTask.java:266)
	at java.util.concurrent.ThreadPoolExecutor.runWorker(java.base@9-internal/ThreadPoolExecutor.java:1158)
	at java.util.concurrent.ThreadPoolExecutor$Worker.run(java.base@9-internal/ThreadPoolExecutor.java:632)
	at java.lang.Thread.run(java.base@9-internal/Thread.java:804)
Caused by: org.apache.catalina.LifecycleException: A child container failed during stop
	at org.apache.catalina.core.ContainerBase.stopInternal(ContainerBase.java:1004)
	at org.apache.catalina.util.LifecycleBase.stop(LifecycleBase.java:226)
	... 6 more

02-Jul-2018 12:25:28.246 SEVERE [Thread-5] org.apache.catalina.startup.Catalina.stop Catalina.stop
 org.apache.catalina.LifecycleException: Failed to stop component [StandardServer[8005]]
	at org.apache.catalina.util.LifecycleBase.stop(LifecycleBase.java:238)
	at org.apache.catalina.startup.Catalina.stop(Catalina.java:754)
	at org.apache.catalina.startup.Catalina$CatalinaShutdownHook.run(Catalina.java:855)
Caused by: org.apache.catalina.LifecycleException: Failed to stop component [StandardService[Catalina]]
	at org.apache.catalina.util.LifecycleBase.stop(LifecycleBase.java:238)
	at org.apache.catalina.core.StandardServer.stopInternal(StandardServer.java:814)
	at org.apache.catalina.util.LifecycleBase.stop(LifecycleBase.java:226)
	... 2 more
Caused by: org.apache.catalina.LifecycleException: Failed to stop component [StandardEngine[Catalina]]
	at org.apache.catalina.util.LifecycleBase.stop(LifecycleBase.java:238)
	at org.apache.catalina.core.StandardService.stopInternal(StandardService.java:483)
	at org.apache.catalina.util.LifecycleBase.stop(LifecycleBase.java:226)
	... 4 more
Caused by: org.apache.catalina.LifecycleException: A child container failed during stop
	at org.apache.catalina.core.ContainerBase.stopInternal(ContainerBase.java:1004)
	at org.apache.catalina.util.LifecycleBase.stop(LifecycleBase.java:226)
	... 6 more

